[2025-02-14 09:38:22] [Info] Script started
[2025-02-14 09:50:50] [Error] Failed to setup Microsoft.Graph module: Function Get-MgDirectoryAttributeSet cannot be created because function capacity 4096 has been exceeded for this scope.
[2025-02-14 09:58:38] [Info] Script started
[2025-02-14 09:58:38] [Info] Setting up Microsoft.Graph module...
[2025-02-14 09:58:38] [Warning] Microsoft.Graph module not installed. Installing version 2.5.0...
[2025-02-14 10:27:16] [Info] Microsoft.Graph.Identity.Governance module imported successfully
[2025-02-14 10:27:16] [Info] Module Installation Complete
[2025-02-14 10:27:16] [Warning] Not connected. Connecting to Azure\Graph...
[2025-02-14 10:30:31] [Error] Failed to connect to Graph API: Parameter set cannot be resolved using the specified named parameters. One or more parameters issued cannot be used together or an insufficient number of parameters were provided.
[2025-02-14 10:32:36] [Info] Script started
[2025-02-14 10:32:36] [Info] Setting up Microsoft.Graph module...
[2025-02-14 10:32:39] [Info] Importing Microsoft.Graph module...
[2025-02-14 10:32:39] [Info] Microsoft.Graph.Identity.Governance module imported successfully
[2025-02-14 10:32:39] [Info] Module Installation Complete
[2025-02-14 10:32:39] [Warning] Not connected. Connecting to Azure\Graph...
[2025-02-14 10:33:29] [Error] Failed to connect to Graph API: Parameter set cannot be resolved using the specified named parameters. One or more parameters issued cannot be used together or an insufficient number of parameters were provided.
[2025-02-14 10:35:17] [Info] Script started
[2025-02-14 10:35:17] [Info] Setting up Microsoft.Graph module...
[2025-02-14 10:35:19] [Info] Importing Microsoft.Graph module...
[2025-02-14 10:35:19] [Info] Microsoft.Graph.Identity.Governance module imported successfully
[2025-02-14 10:35:19] [Info] Module Installation Complete
[2025-02-14 10:35:19] [Warning] Not connected. Connecting to Azure\Graph...
[2025-02-14 10:35:46] [Error] Failed to connect to Graph API: Missing an argument for parameter 'ErrorAction'. Specify a parameter of type 'System.Management.Automation.ActionPreference' and try again.
[2025-02-14 10:36:15] [Info] Script started
[2025-02-14 10:36:15] [Info] Setting up Microsoft.Graph module...
[2025-02-14 10:36:17] [Info] Importing Microsoft.Graph module...
[2025-02-14 10:36:18] [Info] Microsoft.Graph.Identity.Governance module imported successfully
[2025-02-14 10:36:18] [Info] Module Installation Complete
[2025-02-14 10:36:18] [Warning] Not connected. Connecting to Azure\Graph...
[2025-02-14 10:36:25] [Error] Failed to connect to Graph API: Parameter set cannot be resolved using the specified named parameters. One or more parameters issued cannot be used together or an insufficient number of parameters were provided.
[2025-02-14 10:40:52] [Info] Script started
[2025-02-14 10:40:52] [Info] Setting up Microsoft.Graph module...
[2025-02-14 10:40:55] [Info] Importing Microsoft.Graph module...
[2025-02-14 10:40:55] [Info] Microsoft.Graph.Identity.Governance module imported successfully
[2025-02-14 10:40:56] [Info] Module Installation Complete
[2025-02-14 10:40:56] [Warning] Not connected. Connecting to Azure\Graph...
[2025-02-14 10:41:12] [Error] Failed to connect to Graph API: Missing an argument for parameter 'ErrorAction'. Specify a parameter of type 'System.Management.Automation.ActionPreference' and try again.
[2025-02-14 10:41:36] [Info] Script started
[2025-02-14 10:41:36] [Info] Setting up Microsoft.Graph module...
[2025-02-14 10:41:39] [Info] Importing Microsoft.Graph module...
[2025-02-14 10:41:39] [Info] Microsoft.Graph.Identity.Governance module imported successfully
[2025-02-14 10:41:39] [Info] Module Installation Complete
[2025-02-14 10:41:39] [Warning] Not connected. Connecting to Azure\Graph...
[2025-02-14 10:41:47] [Error] Failed to connect to Graph API: Parameter set cannot be resolved using the specified named parameters. One or more parameters issued cannot be used together or an insufficient number of parameters were provided.
[2025-02-14 10:42:12] [Info] Script started
[2025-02-14 10:42:12] [Info] Setting up Microsoft.Graph module...
[2025-02-14 10:42:15] [Info] Importing Microsoft.Graph module...
[2025-02-14 10:42:15] [Info] Microsoft.Graph.Identity.Governance module imported successfully
[2025-02-14 10:42:15] [Info] Module Installation Complete
[2025-02-14 10:42:15] [Warning] Not connected. Connecting to Azure\Graph...
[2025-02-14 10:42:43] [Error] Failed to connect to Graph API: Parameter set cannot be resolved using the specified named parameters. One or more parameters issued cannot be used together or an insufficient number of parameters were provided.
[2025-02-14 10:47:17] [Info] Script started
[2025-02-14 10:47:17] [Info] Setting up Microsoft.Graph module...
[2025-02-14 10:47:20] [Info] Importing Microsoft.Graph module...
[2025-02-14 10:47:20] [Info] Microsoft.Graph.Identity.Governance module imported successfully
[2025-02-14 10:47:20] [Info] Module Installation Complete
[2025-02-14 10:47:20] [Warning] Not connected. Connecting to Azure\Graph...
[2025-02-14 10:47:31] [Info] Connected to Azure\Graph
[2025-02-14 10:47:31] [Info] You may now execute PowerShell cmdlets in Azure.
[2025-02-14 10:47:31] [Info] Starting Entra PIM Global Admin Request Script...
[2025-02-14 10:48:31] [Error] Failed to activate Global Admin role: The term 'New-MgIdentityGovernancePrivilegedAccessRoleAssignmentScheduleRequest' is not recognized as a name of a cmdlet, function, script file, or executable program.
Check the spelling of the name, or if a path was included, verify that the path is correct and try again.
[2025-02-14 10:48:31] [Error] Stack Trace: at <ScriptBlock>, C:\Users\lowryb\OneDrive\Documents\Scripts\AP_Scripts\Launchers\Entra_PIM_request-GA.ps1: line 165
at <ScriptBlock>, <No file>: line 1
[2025-02-14 10:57:35] [Info] Script started
[2025-02-14 10:57:35] [Info] Setting up Microsoft.Graph module...
[2025-02-14 10:57:38] [Info] Importing Microsoft.Graph module...
[2025-02-14 10:57:38] [Info] Microsoft.Graph.Identity.Governance module imported successfully
[2025-02-14 10:57:38] [Info] Module Installation Complete
[2025-02-14 10:57:38] [Info] Using established connection
[2025-02-14 10:57:38] [Info] Connected to Azure\Graph
[2025-02-14 10:57:38] [Info] You may now execute PowerShell cmdlets in Azure.
[2025-02-14 10:57:38] [Info] Starting Entra PIM Global Admin Request Script...
[2025-02-14 10:57:58] [Error] Failed to activate Global Admin role: The term 'New-MgIdentityGovernancePrivilegedAccessGroupEligibilityScheduleRequest' is not recognized as a name of a cmdlet, function, script file, or executable program.
Check the spelling of the name, or if a path was included, verify that the path is correct and try again.
[2025-02-14 10:57:58] [Error] Stack Trace: at <ScriptBlock>, C:\Users\lowryb\OneDrive\Documents\Scripts\AP_Scripts\Launchers\Entra_PIM_request-GA.ps1: line 161
at <ScriptBlock>, <No file>: line 1
[2025-02-14 11:16:13] [Info] Script started
[2025-02-14 11:16:13] [Info] Setting up Microsoft.Graph module...
[2025-02-14 11:16:16] [Info] Importing Microsoft.Graph module...
[2025-02-14 11:16:16] [Info] Microsoft.Graph.Identity.Governance module imported successfully
[2025-02-14 11:16:16] [Info] Module Installation Complete
[2025-02-14 11:16:16] [Info] Using established connection
[2025-02-14 11:16:16] [Info] Connected to Azure\Graph
[2025-02-14 11:16:16] [Info] You may now execute PowerShell cmdlets in Azure.
[2025-02-14 11:16:16] [Info] Starting Entra PIM Global Admin Request Script...
[2025-02-14 11:16:47] [Error] Failed to activate Global Admin role: The term 'New-MgIdentityGovernancePrivilegedAccessRoleAssignmentScheduleRequest' is not recognized as a name of a cmdlet, function, script file, or executable program.
Check the spelling of the name, or if a path was included, verify that the path is correct and try again.
[2025-02-14 11:16:47] [Error] Stack Trace: at <ScriptBlock>, C:\Users\lowryb\OneDrive\Documents\Scripts\AP_Scripts\Launchers\Entra_PIM_request-GA.ps1: line 160
at <ScriptBlock>, <No file>: line 1
[2025-02-14 11:18:05] [Info] Script started
[2025-02-14 11:18:05] [Info] Setting up Microsoft.Graph module...
[2025-02-14 11:18:07] [Info] Importing Microsoft.Graph module...
[2025-02-14 11:18:07] [Info] Microsoft.Graph.Identity.Governance module imported successfully
[2025-02-14 11:18:07] [Info] Module Installation Complete
[2025-02-14 11:18:07] [Info] Using established connection
[2025-02-14 11:18:07] [Info] Connected to Azure\Graph
[2025-02-14 11:18:07] [Info] You may now execute PowerShell cmdlets in Azure.
[2025-02-14 11:18:07] [Info] Starting Entra PIM Global Admin Request Script...
[2025-02-14 11:18:19] [Info] PIM request submitted successfully
[2025-02-14 11:18:27] [Error] Failed to activate Global Admin role: The term 'Get-MgIdentityGovernancePrivilegedAccessRoleAssignmentSchedule' is not recognized as a name of a cmdlet, function, script file, or executable program.
Check the spelling of the name, or if a path was included, verify that the path is correct and try again.
[2025-02-14 11:18:28] [Error] Stack Trace: at <ScriptBlock>, C:\Users\lowryb\OneDrive\Documents\Scripts\AP_Scripts\Launchers\Entra_PIM_request-GA.ps1: line 172
at <ScriptBlock>, <No file>: line 1
[2025-02-14 11:22:08] [Info] Script started
[2025-02-14 11:22:08] [Info] Setting up Microsoft.Graph module...
[2025-02-14 11:22:11] [Info] Importing Microsoft.Graph module...
[2025-02-14 11:22:11] [Info] Microsoft.Graph.Identity.Governance module imported successfully
[2025-02-14 11:22:11] [Info] Module Installation Complete
[2025-02-14 11:22:11] [Info] Using established connection
[2025-02-14 11:22:11] [Info] Connected to Azure\Graph
[2025-02-14 11:22:11] [Info] You may now execute PowerShell cmdlets in Azure.
[2025-02-14 11:22:11] [Info] Starting Entra PIM Global Admin Request Script...
[2025-02-14 11:22:20] [Info] PIM request submitted successfully
[2025-02-14 11:22:28] [Error] Failed to activate Global Admin role: The term 'Get-MgIdentityGovernancePrivilegedAccessRoleAssignmentSchedule' is not recognized as a name of a cmdlet, function, script file, or executable program.
Check the spelling of the name, or if a path was included, verify that the path is correct and try again.
[2025-02-14 11:22:28] [Error] Stack Trace: at <ScriptBlock>, C:\Users\lowryb\OneDrive\Documents\Scripts\AP_Scripts\Launchers\Entra_PIM_request-GA.ps1: line 172
at <ScriptBlock>, <No file>: line 1
[2025-02-14 11:25:06] [Info] Script started
[2025-02-14 11:25:06] [Info] Setting up Microsoft.Graph module...
[2025-02-14 11:25:08] [Info] Importing Microsoft.Graph module...
[2025-02-14 11:25:09] [Info] Microsoft.Graph.Identity.Governance module imported successfully
[2025-02-14 11:25:09] [Info] Module Installation Complete
[2025-02-14 11:25:09] [Info] Using established connection
[2025-02-14 11:25:09] [Info] Connected to Azure\Graph
[2025-02-14 11:25:09] [Info] You may now execute PowerShell cmdlets in Azure.
[2025-02-14 11:25:09] [Info] Starting Entra PIM Global Admin Request Script...
[2025-02-14 11:25:37] [Info] PIM request submitted successfully
[2025-02-14 11:26:09] [Warning] Role activation verification timed out - please check Entra portal
[2025-02-14 11:26:09] [Info] Script completed
[2025-02-14 13:06:09] [Info] Script started
[2025-02-14 13:06:09] [Info] Setting up Microsoft.Graph module...
[2025-02-14 13:06:12] [Info] Importing Microsoft.Graph module...
[2025-02-14 13:06:12] [Info] Microsoft.Graph.Identity.Governance module imported successfully
[2025-02-14 13:06:12] [Info] Module Installation Complete
[2025-02-14 13:06:12] [Info] Using established connection
[2025-02-14 13:06:12] [Info] Connected to Azure\Graph
[2025-02-14 13:06:12] [Info] You may now execute PowerShell cmdlets in Azure.
[2025-02-14 13:06:12] [Info] Starting Entra PIM Global Admin Request Script...
[2025-02-14 13:06:22] [Info] PIM request submitted successfully
[2025-02-14 13:06:57] [Warning] Role activation verification timed out - please check Entra portal
[2025-02-14 13:06:57] [Info] Script completed
[2025-02-14 13:13:03] [Info] Script started
[2025-02-14 13:13:03] [Info] Setting up Microsoft.Graph module...
[2025-02-14 13:13:06] [Info] Importing Microsoft.Graph module...
[2025-02-14 13:13:06] [Info] Microsoft.Graph.Identity.Governance module imported successfully
[2025-02-14 13:13:06] [Info] Module Installation Complete
[2025-02-14 13:13:06] [Info] Using established connection
[2025-02-14 13:13:06] [Info] Connected to Azure\Graph
[2025-02-14 13:13:06] [Info] You may now execute PowerShell cmdlets in Azure.
[2025-02-14 13:13:06] [Info] Starting Entra PIM Global Admin Request Script...
[2025-02-14 13:13:46] [Info] PIM request submitted successfully
[2025-02-14 13:14:20] [Warning] Role activation verification timed out - please check Entra portal
[2025-02-14 13:14:20] [Info] Script completed
[2025-02-14 13:14:22] [Info] Script started
[2025-02-14 13:14:22] [Info] Setting up Microsoft.Graph module...
[2025-02-14 13:14:25] [Info] Importing Microsoft.Graph module...
[2025-02-14 13:14:25] [Info] Microsoft.Graph.Identity.Governance module imported successfully
[2025-02-14 13:14:25] [Info] Module Installation Complete
[2025-02-14 13:14:25] [Info] Using established connection
[2025-02-14 13:14:25] [Info] Connected to Azure\Graph
[2025-02-14 13:14:25] [Info] You may now execute PowerShell cmdlets in Azure.
[2025-02-14 13:14:25] [Info] Starting Entra PIM Global Admin Request Script...
[2025-02-14 13:14:41] [Info] PIM request submitted successfully
[2025-02-14 13:15:12] [Warning] Role activation verification timed out - please check Entra portal
[2025-02-14 13:15:12] [Info] Script completed
[2025-02-14 13:23:26] [Info] Script started
[2025-02-14 13:23:26] [Info] Setting up Microsoft.Graph module...
[2025-02-14 13:23:28] [Info] Importing Microsoft.Graph module...
[2025-02-14 13:23:29] [Info] Microsoft.Graph.Identity.Governance module imported successfully
[2025-02-14 13:23:29] [Info] Module Installation Complete
[2025-02-14 13:23:29] [Info] Using established connection
[2025-02-14 13:23:29] [Info] Connected to Azure\Graph
[2025-02-14 13:23:29] [Info] You may now execute PowerShell cmdlets in Azure.
[2025-02-14 13:23:29] [Info] Starting Entra PIM Global Admin Request Script...
[2025-02-14 13:23:52] [Info] PIM request submitted successfully
[2025-02-14 13:24:24] [Warning] Role activation verification timed out - please check Entra portal
[2025-02-14 13:24:24] [Info] Script completed
[2025-02-14 13:29:15] [Info] Script started
[2025-02-14 13:29:15] [Info] Setting up Microsoft.Graph module...
[2025-02-14 13:29:18] [Info] Importing Microsoft.Graph module...
[2025-02-14 13:29:18] [Info] Microsoft.Graph.Identity.Governance module imported successfully
[2025-02-14 13:29:18] [Info] Module Installation Complete
[2025-02-14 13:29:18] [Info] Using established connection
[2025-02-14 13:29:18] [Info] Connected to Azure\Graph
[2025-02-14 13:29:18] [Info] You may now execute PowerShell cmdlets in Azure.
[2025-02-14 13:29:18] [Info] Starting Entra PIM Global Admin Request Script...
[2025-02-14 13:29:43] [Info] PIM request submitted successfully
[2025-02-14 13:29:49] [Info] Global Admin role successfully activated for  minutes
[2025-02-14 13:29:49] [Info] Script completed
[2025-02-14 14:09:37] [Info] Script started
[2025-02-14 14:09:37] [Info] Setting up Microsoft.Graph module...
[2025-02-14 14:09:40] [Info] Importing Microsoft.Graph module...
[2025-02-14 14:09:40] [Info] Microsoft.Graph.Identity.Governance module imported successfully
[2025-02-14 14:09:40] [Info] Module Installation Complete
[2025-02-14 14:09:40] [Info] Using established connection
[2025-02-14 14:09:40] [Info] Connected to Azure\Graph
[2025-02-14 14:09:40] [Info] You may now execute PowerShell cmdlets in Azure.
[2025-02-14 14:09:40] [Info] Starting Entra PIM Global Admin Request Script...
[2025-02-14 14:25:09] [Info] PIM request submitted successfully
[2025-02-14 14:26:06] [Warning] Role activation verification timed out - please check Entra portal
[2025-02-14 14:26:06] [Info] Script completed
[2025-02-18 10:35:12] [Info] Script started
[2025-02-18 10:35:12] [Info] Setting up Microsoft.Graph module...
[2025-02-18 10:35:14] [Info] Importing Microsoft.Graph module...
[2025-02-18 10:35:15] [Info] Microsoft.Graph.Identity.Governance module imported successfully
[2025-02-18 10:35:15] [Info] Module Installation Complete
[2025-02-18 10:35:15] [Info] Using established connection
[2025-02-18 10:35:15] [Info] Connected to Azure\Graph
[2025-02-18 10:35:15] [Info] You may now execute PowerShell cmdlets in Azure.
[2025-02-18 10:35:15] [Info] Starting Entra PIM Global Admin Request Script...
[2025-02-18 10:36:02] [Info] Setting up Microsoft.Graph module...
[2025-02-18 10:36:05] [Info] Importing Microsoft.Graph module...
[2025-02-18 10:36:05] [Info] Microsoft.Graph.Identity.Governance module imported successfully
[2025-02-18 10:36:05] [Info] Module Installation Complete
[2025-02-18 10:36:05] [Info] Script started
[2025-02-18 10:36:05] [Info] Using established connection
[2025-02-18 10:36:05] [Info] Connected to Azure\Graph
[2025-02-18 10:36:05] [Info] You may now execute PowerShell cmdlets in Azure.
[2025-02-18 10:37:59] [Info] User ID resolved: fb40e507-1fca-44c4-b825-23de6244e10f
[2025-02-18 10:38:05] [Error] Invalid selection, exiting script
[2025-02-18 10:38:58] [Info] Setting up Microsoft.Graph module...
[2025-02-18 10:39:00] [Info] Importing Microsoft.Graph module...
[2025-02-18 10:39:01] [Info] Microsoft.Graph.Identity.Governance module imported successfully
[2025-02-18 10:39:01] [Info] Module Installation Complete
[2025-02-18 10:39:01] [Info] Script started
[2025-02-18 10:39:01] [Info] Using established connection
[2025-02-18 10:39:01] [Info] Connected to Azure\Graph
[2025-02-18 10:39:01] [Info] You may now execute PowerShell cmdlets in Azure.
[2025-02-18 10:41:19] [Info] User ID resolved: fb40e507-1fca-44c4-b825-23de6244e10f
[2025-02-18 10:41:25] [Error] Invalid selection, exiting script
[2025-02-18 10:41:38] [Info] Setting up Microsoft.Graph module...
[2025-02-18 10:41:41] [Info] Importing Microsoft.Graph module...
[2025-02-18 10:41:41] [Info] Microsoft.Graph.Identity.Governance module imported successfully
[2025-02-18 10:41:41] [Info] Module Installation Complete
[2025-02-18 10:41:41] [Info] Script started
[2025-02-18 10:41:41] [Info] Using established connection
[2025-02-18 10:41:41] [Info] Connected to Azure\Graph
[2025-02-18 10:41:41] [Info] You may now execute PowerShell cmdlets in Azure.
[2025-02-18 10:42:49] [Info] User ID resolved: fb40e507-1fca-44c4-b825-23de6244e10f
[2025-02-18 10:43:47] [Info] Starting Entra PIM Global Admin Request Script...
[2025-02-18 10:46:14] [Error] Failed to submit PIM request: The following policy rules failed: ["ExpirationRule"]

Status: 400 (BadRequest)
ErrorCode: RoleAssignmentRequestPolicyValidationFailed
Date: 2025-02-18T18:46:14

Headers:
Vary                          : Accept-Encoding
Strict-Transport-Security     : max-age=31536000
request-id                    : a983d835-b0dd-4ca6-8dcf-98c52347468e
client-request-id             : 46f86c74-6f43-44de-be57-440686e5e1bf
x-ms-ags-diagnostic           : {"ServerInfo":{"DataCenter":"West US","Slice":"E","Ring":"4","ScaleUnit":"001","RoleInstance":"BY1PEPF000144A0"}}
Date                          : Tue, 18 Feb 2025 18:46:13 GMT


[2025-02-18 10:53:40] [Info] Setting up Microsoft.Graph module...
[2025-02-18 10:53:42] [Info] Importing Microsoft.Graph module...
[2025-02-18 10:53:43] [Info] Microsoft.Graph.Identity.Governance module imported successfully
[2025-02-18 10:53:43] [Info] Module Installation Complete
[2025-02-18 10:53:43] [Info] Script started
[2025-02-18 10:53:43] [Info] Using established connection
[2025-02-18 10:53:43] [Info] Connected to Azure\Graph
[2025-02-18 10:54:25] [Info] User ID resolved: fb40e507-1fca-44c4-b825-23de6244e10f
[2025-02-18 10:54:29] [Info] Starting Entra PIM Global Admin Request Script...
[2025-02-18 10:55:26] [Warning] Role activation verification timed out - please check Entra portal
[2025-02-18 10:55:26] [Info] Script completed
[2025-02-18 15:28:03] [Info] Setting up Microsoft.Graph module...
[2025-02-18 15:28:06] [Info] Importing Microsoft.Graph module...
[2025-02-18 15:28:07] [Info] Microsoft.Graph.Identity.Governance module imported successfully
[2025-02-18 15:28:07] [Info] Module Installation Complete
[2025-02-18 15:28:07] [Info] Script started
[2025-02-18 15:28:07] [Info] Using established connection
[2025-02-18 15:28:07] [Info] Connected to Azure\Graph
[2025-02-18 15:29:33] [Error] User not found with UPN 'Lowryb-DAAdmin@kcda.onmicrosoft.com'
[2025-02-18 15:47:44] [Info] Setting up Microsoft.Graph module...
[2025-02-18 15:47:48] [Info] Importing Microsoft.Graph module...
[2025-02-18 15:47:48] [Info] Microsoft.Graph.Identity.Governance module imported successfully
[2025-02-18 15:47:48] [Info] Module Installation Complete
[2025-02-18 15:47:48] [Info] Script started
[2025-02-18 15:47:48] [Info] Using established connection
[2025-02-18 15:47:48] [Info] Connected to Azure\Graph
[2025-02-18 15:48:15] [Info] Setting up Microsoft.Graph module...
[2025-02-18 15:48:18] [Info] Importing Microsoft.Graph module...
[2025-02-18 15:48:18] [Info] Microsoft.Graph.Identity.Governance module imported successfully
[2025-02-18 15:48:18] [Info] Module Installation Complete
[2025-02-18 15:48:18] [Info] Script started
[2025-02-18 15:49:28] [Info] Connected to Azure\Graph
[2025-02-18 15:51:42] [Info] Setting up Microsoft.Graph module...
[2025-02-18 15:51:44] [Info] Importing Microsoft.Graph module...
[2025-02-18 15:51:44] [Info] Microsoft.Graph.Identity.Governance module imported successfully
[2025-02-18 15:51:44] [Info] Module Installation Complete
[2025-02-18 15:51:44] [Info] Script started
[2025-02-18 15:51:59] [Info] Setting up Microsoft.Graph module...
[2025-02-18 15:52:01] [Info] Importing Microsoft.Graph module...
[2025-02-18 15:52:01] [Info] Microsoft.Graph.Identity.Governance module imported successfully
[2025-02-18 15:52:01] [Info] Module Installation Complete
[2025-02-18 15:52:02] [Info] Script started
[2025-02-18 15:52:13] [Info] Connected to Azure\Graph
[2025-02-18 15:55:43] [Info] Setting up Microsoft.Graph module...
[2025-02-18 15:55:46] [Info] Importing Microsoft.Graph module...
[2025-02-18 15:55:46] [Info] Microsoft.Graph.Identity.Governance module imported successfully
[2025-02-18 15:55:46] [Info] Module Installation Complete
[2025-02-18 15:55:47] [Info] Script started
[2025-02-18 15:55:53] [Info] Connected to Azure\Graph
[2025-02-18 15:59:36] [Info] Setting up Microsoft.Graph module...
[2025-02-18 15:59:39] [Info] Importing Microsoft.Graph module...
[2025-02-18 15:59:39] [Info] Microsoft.Graph.Identity.Governance module imported successfully
[2025-02-18 15:59:39] [Info] Module Installation Complete
[2025-02-18 15:59:39] [Info] Script started
[2025-02-18 15:59:44] [Info] Connected to Azure\Graph
[2025-02-18 16:03:21] [Error] User not found with UPN 'Lowryb-DAAdmin@kcda.onmicrosoft.com'
[2025-02-18 16:06:04] [Info] Setting up Microsoft.Graph module...
[2025-02-18 16:06:06] [Info] Importing Microsoft.Graph module...
[2025-02-18 16:06:07] [Info] Microsoft.Graph.Identity.Governance module imported successfully
[2025-02-18 16:06:07] [Info] Module Installation Complete
[2025-02-18 16:06:07] [Info] Script started
[2025-02-18 16:06:14] [Info] Connected to Azure\Graph
[2025-02-18 16:06:33] [Info] Setting up Microsoft.Graph module...
[2025-02-18 16:06:36] [Info] Importing Microsoft.Graph module...
[2025-02-18 16:06:36] [Info] Microsoft.Graph.Identity.Governance module imported successfully
[2025-02-18 16:06:36] [Info] Module Installation Complete
[2025-02-18 16:06:36] [Info] Script started
[2025-02-18 16:06:45] [Info] Using established connection
[2025-02-18 16:06:45] [Info] Connected to Azure\Graph
[2025-02-18 16:08:29] [Info] Setting up Microsoft.Graph module...
[2025-02-18 16:08:32] [Info] Importing Microsoft.Graph module...
[2025-02-18 16:08:32] [Info] Microsoft.Graph.Identity.Governance module imported successfully
[2025-02-18 16:08:33] [Info] Module Installation Complete
[2025-02-18 16:08:33] [Info] Script started
[2025-02-18 16:08:37] [Warning] Connecting to Azure\Graph...
[2025-02-18 16:10:37] [Error] Unable to connect to Azure
[2025-02-18 16:44:19] [Info] Setting up Microsoft.Graph module...
[2025-02-18 16:44:21] [Info] Importing Microsoft.Graph module...
[2025-02-18 16:44:22] [Info] Microsoft.Graph.Identity.Governance module imported successfully
[2025-02-18 16:44:22] [Info] Module Installation Complete
[2025-02-18 16:44:22] [Info] Script started
[2025-02-18 16:44:23] [Error] Unable to connect to Azure
[2025-02-18 16:44:55] [Info] Setting up Microsoft.Graph module...
[2025-02-18 16:44:57] [Info] Importing Microsoft.Graph module...
[2025-02-18 17:01:30] [Info] Microsoft.Graph.Identity.Governance module imported successfully
[2025-02-18 17:01:30] [Info] Module Installation Complete
[2025-02-18 17:01:30] [Info] Script started
[2025-02-21 07:54:12] [Info] Setting up Microsoft.Graph module...
[2025-02-21 07:54:56] [Info] Microsoft.Graph.Identity.Governance module imported successfully
[2025-02-21 07:54:56] [Info] Module Installation Complete
[2025-02-21 07:54:56] [Info] Script started
[2025-02-21 07:56:27] [Error] Unable to connect to Azure
[2025-02-21 07:57:35] [Info] Setting up Microsoft.Graph module...
[2025-02-21 07:58:14] [Info] Microsoft.Graph.Identity.Governance module imported successfully
[2025-02-21 07:58:14] [Info] Module Installation Complete
[2025-02-21 07:58:14] [Info] Script started
[2025-02-21 07:59:43] [Error] Unable to connect to Azure
[2025-02-21 08:03:53] [Info] Setting up Microsoft.Graph module...
[2025-02-21 08:03:55] [Info] Importing Microsoft.Graph module...
[2025-02-21 08:20:56] [Info] Microsoft.Graph.Identity.Governance module imported successfully
[2025-02-21 08:20:56] [Info] Module Installation Complete
[2025-02-21 08:20:56] [Info] Script started
[2025-02-21 08:42:21] [Info] Setting up Microsoft.Graph module...
[2025-02-21 08:42:23] [Info] Importing Microsoft.Graph submodules...
[2025-02-21 08:42:23] [Info] Importing Microsoft.Graph.Identity.Governance
[2025-02-21 08:42:24] [Info] Microsoft.Graph.Identity.Governance module imported successfully
[2025-02-21 08:42:24] [Info] Microsoft.Graph.Authentication
[2025-02-21 08:42:24] [Info] Microsoft.Graph.Authentication module imported successfully
[2025-02-21 08:42:24] [Info] Microsoft.Graph.Identity.DirectoryServices
[2025-02-21 08:42:24] [Error] Failed to import Microsoft.Graph.Identity.DirectoryServices module: The specified module 'Microsoft.Graph.Identity.DirectoryServices' was not loaded because no valid module file was found in any module directory.
[2025-02-21 08:45:52] [Info] Setting up Microsoft.Graph module...

[2025-02-21 08:45:54] [Info] Importing Microsoft.Graph submodules...

[2025-02-21 08:45:54] [Info] Importing Microsoft.Graph.Identity.Governance
[2025-02-21 08:45:54] [Info] Microsoft.Graph.Identity.Governance module imported successfully

[2025-02-21 08:45:54] [Info] Importing Microsoft.Graph.Authentication
[2025-02-21 08:45:55] [Info] Microsoft.Graph.Authentication module imported successfully

[2025-02-21 08:45:55] [Info] Importing Microsoft.Graph.Identity.Policies
[2025-02-21 08:45:55] [Error] Failed to import Microsoft.Graph.Identity.Policies module: The specified module 'Microsoft.Graph.Identity.Policies' was not loaded because no valid module file was found in any module directory.
[2025-02-21 08:46:12] [Info] Setting up Microsoft.Graph module...

[2025-02-21 08:46:14] [Info] Importing Microsoft.Graph submodules...

[2025-02-21 08:46:14] [Info] Importing Microsoft.Graph.Identity.Governance
[2025-02-21 08:46:15] [Info] Microsoft.Graph.Identity.Governance module imported successfully

[2025-02-21 08:46:15] [Info] Importing Microsoft.Graph.Authentication
[2025-02-21 08:46:15] [Info] Microsoft.Graph.Authentication module imported successfully

[2025-02-21 08:46:15] [Info] Importing Microsoft.Graph.Identity.RoleManagement 
[2025-02-21 08:46:15] [Error] Failed to import Microsoft.Graph.Identity.RoleManagement module: The specified module 'Microsoft.Graph.Identity.RoleManagement' was not loaded because no valid module file was found in any module directory.
[2025-02-21 08:46:42] [Info] Setting up Microsoft.Graph module...

[2025-02-21 08:46:44] [Info] Importing Microsoft.Graph submodules...

[2025-02-21 08:46:44] [Info] Importing Microsoft.Graph.Identity.Governance
[2025-02-21 08:46:45] [Info] Microsoft.Graph.Identity.Governance module imported successfully

[2025-02-21 08:46:45] [Info] Importing Microsoft.Graph.Authentication
[2025-02-21 08:46:45] [Info] Microsoft.Graph.Authentication module imported successfully

[2025-02-21 08:46:45] [Info] Importing Microsoft.Graph.Identity.RoleManagement.Directory
[2025-02-21 08:46:45] [Error] Failed to import Microsoft.Graph.Identity.RoleManagement.Directory module: The specified module 'Microsoft.Graph.Identity.RoleManagement.Directory' was not loaded because no valid module file was found in any module directory.
[2025-02-21 08:59:56] [Info] Setting up Microsoft.Graph module...

[2025-02-21 08:59:58] [Info] Importing Microsoft.Graph submodules...

[2025-02-21 08:59:58] [Info] Importing Microsoft.Graph.Identity.Governance
[2025-02-21 08:59:58] [Info] Microsoft.Graph.Identity.Governance module imported successfully

[2025-02-21 08:59:58] [Info] Importing Microsoft.Graph.Authentication
[2025-02-21 08:59:59] [Info] Microsoft.Graph.Authentication module imported successfully

[2025-02-21 08:59:59] [Info] Importing Microsoft.Graph.Identity.RoleManagement.Directory
[2025-02-21 08:59:59] [Error] Failed to import Microsoft.Graph.Identity.RoleManagement.Directory module: The specified module 'Microsoft.Graph.Identity.RoleManagement.Directory' was not loaded because no valid module file was found in any module directory.
[2025-02-21 09:02:24] [Info] Setting up Microsoft.Graph module...

[2025-02-21 09:02:27] [Info] Importing Microsoft.Graph submodules...

[2025-02-21 09:02:27] [Info] Importing Microsoft.Graph.Identity.Governance
[2025-02-21 09:03:08] [Info] Microsoft.Graph.Identity.Governance module imported successfully

[2025-02-21 09:03:08] [Info] Importing Microsoft.Graph.Authentication
[2025-02-21 09:03:08] [Info] Microsoft.Graph.Authentication module imported successfully

[2025-02-21 09:03:08] [Info] Importing Microsoft.Graph.Identity.RoleManagement.Directory
[2025-02-21 09:03:08] [Error] Failed to import Microsoft.Graph.Identity.RoleManagement.Directory module: The specified module 'Microsoft.Graph.Identity.RoleManagement.Directory' was not loaded because no valid module file was found in any module directory.
[2025-02-21 09:05:49] [Info] Setting up Microsoft.Graph module...

[2025-02-21 09:05:51] [Info] Importing Microsoft.Graph submodules...

[2025-02-21 09:05:51] [Info] Importing Microsoft.Graph.Identity.Governance
[2025-02-21 09:05:52] [Info] Microsoft.Graph.Identity.Governance module imported successfully

[2025-02-21 09:05:52] [Info] Importing Microsoft.Graph.Authentication
[2025-02-21 09:05:52] [Info] Microsoft.Graph.Authentication module imported successfully

[2025-02-21 09:05:52] [Info] Importing Microsoft.Graph.Identity.RoleManagement.Directory
[2025-02-21 09:05:54] [Warning] Microsoft.Graph.Identity.RoleManagement.Directory module not found. Installing...
[2025-02-21 09:06:11] [Error] Failed to import Microsoft.Graph.Identity.RoleManagement.Directory module: The specified module 'Microsoft.Graph.Identity.RoleManagement.Directory' was not loaded because no valid module file was found in any module directory.
[2025-02-21 10:22:34] [Info] Setting up Microsoft.Graph module...

[2025-02-21 10:22:36] [Info] Importing Microsoft.Graph submodules...

[2025-02-21 10:22:36] [Info] Importing Microsoft.Graph.Identity.Governance
[2025-02-21 10:22:37] [Info] Microsoft.Graph.Identity.Governance module imported successfully

[2025-02-21 10:22:37] [Info] Importing Microsoft.Graph.Authentication
[2025-02-21 10:22:37] [Info] Microsoft.Graph.Authentication module imported successfully

[2025-02-21 10:22:37] [Info] Importing Microsoft.Graph.Identity.RoleManagement.Directory
[2025-02-21 10:22:39] [Warning] Microsoft.Graph.Identity.RoleManagement.Directory module not found. Installing...
[2025-02-21 10:22:40] [Error] Failed to import Microsoft.Graph.Identity.RoleManagement.Directory module: The specified module 'Microsoft.Graph.Identity.RoleManagement.Directory' was not loaded because no valid module file was found in any module directory.
[2025-02-21 10:36:00] [Info] Setting up Microsoft.Graph module...

[2025-02-21 10:36:03] [Info] Importing Microsoft.Graph submodules...

[2025-02-21 10:36:03] [Info] Importing Microsoft.Graph.Identity.Governance
[2025-02-21 10:36:03] [Info] Microsoft.Graph.Identity.Governance module imported successfully

[2025-02-21 10:36:03] [Info] Importing Microsoft.Graph.Authentication
[2025-02-21 10:36:04] [Info] Microsoft.Graph.Authentication module imported successfully

[2025-02-21 10:36:04] [Info] Importing Microsoft.Graph.Identity.DirectoryManagement 
[2025-02-21 10:36:24] [Info] Microsoft.Graph.Identity.DirectoryManagement  module imported successfully

[2025-02-21 10:36:24] [Info] Module Installation Complete
[2025-02-21 10:36:25] [Info] Script started
[2025-02-21 10:36:45] [Error] Unable to connect to Azure
[2025-02-21 10:42:03] [Info] Setting up Microsoft.Graph module...

[2025-02-21 10:42:06] [Info] Importing Microsoft.Graph submodules...

[2025-02-21 10:42:06] [Info] Importing Microsoft.Graph.Identity.Governance
[2025-02-21 10:42:06] [Info] Microsoft.Graph.Identity.Governance module imported successfully

[2025-02-21 10:42:06] [Info] Importing Microsoft.Graph.Authentication
[2025-02-21 10:42:07] [Info] Microsoft.Graph.Authentication module imported successfully

[2025-02-21 10:42:07] [Info] Importing Microsoft.Graph.Identity.DirectoryManagement 
[2025-02-21 10:42:09] [Info] Microsoft.Graph.Identity.DirectoryManagement  module imported successfully

[2025-02-21 10:42:09] [Info] Module Installation Complete
[2025-02-21 10:42:09] [Info] Script started
[2025-02-21 10:42:13] [Warning] Connecting to Azure\Graph...
[2025-02-21 10:44:13] [Error] Unable to connect to Azure
[2025-02-21 10:59:00] [Info] Setting up Microsoft.Graph module...

[2025-02-21 10:59:03] [Info] Importing Microsoft.Graph submodules...

[2025-02-21 10:59:03] [Info] Importing Microsoft.Graph.Identity.Governance
[2025-02-21 10:59:03] [Info] Microsoft.Graph.Identity.Governance module imported successfully

[2025-02-21 10:59:03] [Info] Importing Microsoft.Graph.Authentication
[2025-02-21 10:59:04] [Info] Microsoft.Graph.Authentication module imported successfully

[2025-02-21 10:59:04] [Info] Importing Microsoft.Graph.Identity.DirectoryManagement 
[2025-02-21 10:59:07] [Info] Microsoft.Graph.Identity.DirectoryManagement  module imported successfully

[2025-02-21 10:59:07] [Info] Module Installation Complete
[2025-02-21 10:59:07] [Info] Script started
[2025-02-21 10:59:33] [Warning] Connecting to Azure\Graph...
[2025-02-21 10:59:37] [Error] Unable to connect to Azure
[2025-02-21 11:05:50] [Info] Setting up Microsoft.Graph module...

[2025-02-21 11:05:53] [Info] Importing Microsoft.Graph submodules...

[2025-02-21 11:05:53] [Info] Importing Microsoft.Graph.Identity.Governance
[2025-02-21 11:05:53] [Info] Microsoft.Graph.Identity.Governance module imported successfully

[2025-02-21 11:05:53] [Info] Importing Microsoft.Graph.Authentication
[2025-02-21 11:05:53] [Info] Microsoft.Graph.Authentication module imported successfully

[2025-02-21 11:05:53] [Info] Importing Microsoft.Graph.Identity.DirectoryManagement 
[2025-02-21 11:05:56] [Info] Microsoft.Graph.Identity.DirectoryManagement  module imported successfully

[2025-02-21 11:05:56] [Info] Module Installation Complete
[2025-02-21 11:05:56] [Info] Script started
[2025-02-21 11:06:08] [Info] Setting up Microsoft.Graph module...

[2025-02-21 11:06:10] [Info] Importing Microsoft.Graph submodules...

[2025-02-21 11:06:10] [Info] Importing Microsoft.Graph.Identity.Governance
[2025-02-21 11:06:11] [Info] Microsoft.Graph.Identity.Governance module imported successfully

[2025-02-21 11:06:11] [Info] Importing Microsoft.Graph.Authentication
[2025-02-21 11:06:11] [Info] Microsoft.Graph.Authentication module imported successfully

[2025-02-21 11:06:11] [Info] Importing Microsoft.Graph.Identity.DirectoryManagement 
[2025-02-21 11:06:14] [Info] Microsoft.Graph.Identity.DirectoryManagement  module imported successfully

[2025-02-21 11:06:14] [Info] Module Installation Complete
[2025-02-21 11:06:14] [Info] Script started
[2025-02-21 11:06:28] [Info] Using established connection
[2025-02-21 11:06:28] [Info] Connected to Azure\Graph
[2025-02-21 11:06:38] [Info] Setting up Microsoft.Graph module...

[2025-02-21 11:06:41] [Info] Importing Microsoft.Graph submodules...

[2025-02-21 11:06:41] [Info] Importing Microsoft.Graph.Identity.Governance
[2025-02-21 11:06:41] [Info] Microsoft.Graph.Identity.Governance module imported successfully

[2025-02-21 11:06:41] [Info] Importing Microsoft.Graph.Authentication
[2025-02-21 11:06:41] [Info] Microsoft.Graph.Authentication module imported successfully

[2025-02-21 11:06:41] [Info] Importing Microsoft.Graph.Identity.DirectoryManagement 
[2025-02-21 11:06:44] [Info] Microsoft.Graph.Identity.DirectoryManagement  module imported successfully

[2025-02-21 11:06:44] [Info] Module Installation Complete
[2025-02-21 11:06:44] [Info] Script started
[2025-02-21 11:06:52] [Warning] Current connection ended. Connecting to Azure\Graph...
[2025-02-21 11:06:56] [Info] Connected to Azure\Graph
[2025-02-21 11:08:12] [Info] User ID resolved: fb40e507-1fca-44c4-b825-23de6244e10f
[2025-02-21 11:08:12] [Info] Starting Entra PIM Global Admin Request Script...
[2025-02-21 11:08:38] [Info] Checking for role activation...
[2025-02-21 11:08:54] [Info] Role not yet active. Retrying...
[2025-02-21 11:08:54] [Info] Checking for role activation...
[2025-02-21 11:09:10] [Info] Role not yet active. Retrying...
[2025-02-21 11:09:10] [Info] Checking for role activation...
[2025-02-21 11:09:47] [Info] Role not yet active. Retrying...
[2025-02-21 11:09:47] [Info] Checking for role activation...
[2025-02-21 11:10:03] [Info] Role not yet active. Retrying...
[2025-02-21 11:10:03] [Info] Checking for role activation...
[2025-02-21 11:10:20] [Info] Role not yet active. Retrying...
[2025-02-21 11:10:20] [Info] Checking for role activation...
[2025-02-21 11:10:36] [Info] Role not yet active. Retrying...
[2025-02-21 11:10:36] [Info] Checking for role activation...
[2025-02-21 11:11:09] [Info] Role not yet active. Retrying...
[2025-02-21 11:11:09] [Info] Checking for role activation...
[2025-02-21 11:11:25] [Info] Role not yet active. Retrying...
[2025-02-21 11:11:26] [Info] Checking for role activation...
[2025-02-21 11:11:43] [Info] Role not yet active. Retrying...
[2025-02-21 11:11:43] [Info] Checking for role activation...
[2025-02-21 11:11:59] [Info] Role not yet active. Retrying...
[2025-02-21 11:11:59] [Info] Checking for role activation...
[2025-02-21 11:12:36] [Info] Role not yet active. Retrying...
[2025-02-21 11:12:36] [Info] Checking for role activation...
[2025-02-21 11:12:53] [Info] Role not yet active. Retrying...
[2025-02-21 11:12:53] [Info] Checking for role activation...
[2025-02-21 11:13:09] [Info] Role not yet active. Retrying...
[2025-02-21 11:13:09] [Info] Checking for role activation...
[2025-02-21 11:13:25] [Info] Role not yet active. Retrying...
[2025-02-21 11:13:25] [Info] Checking for role activation...
[2025-02-21 11:13:41] [Info] Role not yet active. Retrying...
[2025-02-21 11:13:41] [Info] Checking for role activation...
[2025-02-21 11:13:57] [Info] Role not yet active. Retrying...
[2025-02-21 11:13:57] [Info] Checking for role activation...
[2025-02-21 11:14:13] [Info] Role not yet active. Retrying...
[2025-02-21 11:14:13] [Info] Checking for role activation...
[2025-02-21 11:14:50] [Info] Role not yet active. Retrying...
[2025-02-21 11:14:50] [Info] Checking for role activation...
[2025-02-21 11:15:06] [Info] Role not yet active. Retrying...
[2025-02-21 11:15:06] [Info] Checking for role activation...
[2025-02-21 11:15:22] [Info] Role not yet active. Retrying...
[2025-02-21 11:15:22] [Info] Checking for role activation...
[2025-02-21 11:15:39] [Info] Role not yet active. Retrying...
[2025-02-21 11:15:39] [Info] Checking for role activation...
[2025-02-21 11:15:55] [Info] Role not yet active. Retrying...
[2025-02-21 11:15:55] [Info] Checking for role activation...
[2025-02-21 11:16:12] [Info] Role not yet active. Retrying...
[2025-02-21 11:16:12] [Info] Checking for role activation...
[2025-02-21 11:16:28] [Info] Role not yet active. Retrying...
[2025-02-21 11:16:28] [Info] Checking for role activation...
[2025-02-21 11:16:46] [Info] Role not yet active. Retrying...
[2025-02-21 11:16:46] [Info] Checking for role activation...
[2025-02-21 11:17:03] [Info] Role not yet active. Retrying...
[2025-02-21 11:17:03] [Info] Checking for role activation...
[2025-02-21 11:17:35] [Info] Role not yet active. Retrying...
[2025-02-21 11:17:35] [Info] Checking for role activation...
[2025-02-21 11:17:51] [Info] Role not yet active. Retrying...
[2025-02-21 11:17:51] [Info] Checking for role activation...
[2025-02-21 11:18:07] [Info] Role not yet active. Retrying...
[2025-02-21 11:18:07] [Info] Checking for role activation...
[2025-02-21 11:18:24] [Info] Role not yet active. Retrying...
[2025-02-21 11:18:24] [Info] Checking for role activation...
[2025-02-21 11:18:43] [Info] Role not yet active. Retrying...
[2025-02-21 11:18:43] [Info] Checking for role activation...
[2025-02-21 11:18:59] [Info] Role not yet active. Retrying...
[2025-02-21 11:18:59] [Info] Checking for role activation...
[2025-02-21 11:19:16] [Info] Role not yet active. Retrying...
[2025-02-21 11:19:16] [Info] Checking for role activation...
[2025-02-21 11:19:32] [Info] Role not yet active. Retrying...
[2025-02-21 11:19:32] [Info] Checking for role activation...
[2025-02-21 11:19:48] [Info] Role not yet active. Retrying...
[2025-02-21 11:19:48] [Info] Checking for role activation...
[2025-02-21 11:20:04] [Info] Role not yet active. Retrying...
[2025-02-21 11:20:04] [Info] Checking for role activation...
[2025-02-21 11:20:20] [Info] Role not yet active. Retrying...
[2025-02-21 11:20:20] [Info] Checking for role activation...
[2025-02-21 11:20:55] [Info] Role not yet active. Retrying...
[2025-02-21 11:20:55] [Info] Checking for role activation...
[2025-02-21 11:21:11] [Info] Role not yet active. Retrying...
[2025-02-21 11:21:11] [Info] Checking for role activation...
[2025-02-21 11:21:28] [Info] Role not yet active. Retrying...
[2025-02-21 11:21:28] [Info] Checking for role activation...
[2025-02-21 11:21:47] [Info] Role not yet active. Retrying...
[2025-02-21 11:21:47] [Info] Checking for role activation...
[2025-02-21 11:22:03] [Info] Role not yet active. Retrying...
[2025-02-21 11:22:03] [Info] Checking for role activation...
[2025-02-21 11:22:19] [Info] Role not yet active. Retrying...
[2025-02-21 11:22:19] [Info] Checking for role activation...
[2025-02-21 11:22:35] [Info] Role not yet active. Retrying...
[2025-02-21 11:22:35] [Info] Checking for role activation...
[2025-02-21 11:22:51] [Info] Role not yet active. Retrying...
[2025-02-21 11:22:51] [Info] Checking for role activation...
[2025-02-21 11:23:26] [Info] Role not yet active. Retrying...
[2025-02-21 11:23:26] [Info] Checking for role activation...
[2025-02-21 11:23:42] [Info] Role not yet active. Retrying...
[2025-02-21 11:23:42] [Warning] Role activation verification timed out - please check Entra portal
[2025-02-21 11:23:42] [Info] Script completed
[2025-02-21 11:44:57] [Info] Setting up Microsoft.Graph module...

[2025-02-21 11:44:59] [Info] Importing Microsoft.Graph submodules...

[2025-02-21 11:44:59] [Info] Importing Microsoft.Graph.Identity.Governance
[2025-02-21 11:45:42] [Info] Microsoft.Graph.Identity.Governance module imported successfully

[2025-02-21 11:45:42] [Info] Importing Microsoft.Graph.Authentication
[2025-02-21 11:45:42] [Info] Microsoft.Graph.Authentication module imported successfully

[2025-02-21 11:45:42] [Info] Importing Microsoft.Graph.Identity.DirectoryManagement 
[2025-02-21 11:46:02] [Info] Microsoft.Graph.Identity.DirectoryManagement  module imported successfully

[2025-02-21 11:46:02] [Info] Module Installation Complete
[2025-02-21 11:46:02] [Info] Script started
[2025-02-21 11:46:12] [Warning] Connecting to Azure\Graph...
[2025-02-21 11:46:14] [Info] Connected to Azure\Graph
[2025-02-21 13:17:01] [Info] Setting up Microsoft.Graph module...

[2025-02-21 13:17:04] [Info] Importing Microsoft.Graph submodules...

[2025-02-21 13:17:04] [Info] Importing Microsoft.Graph.Identity.Governance
[2025-02-21 13:17:04] [Info] Microsoft.Graph.Identity.Governance module imported successfully

[2025-02-21 13:17:04] [Info] Importing Microsoft.Graph.Authentication
[2025-02-21 13:17:04] [Info] Microsoft.Graph.Authentication module imported successfully

[2025-02-21 13:17:04] [Info] Importing Microsoft.Graph.Identity.DirectoryManagement 
[2025-02-21 13:17:07] [Info] Microsoft.Graph.Identity.DirectoryManagement  module imported successfully

[2025-02-21 13:17:07] [Info] Module Installation Complete
[2025-02-21 13:17:07] [Info] Script started
[2025-02-21 13:17:31] [Warning] Current connection ended. Connecting to Azure\Graph...
[2025-02-21 13:17:35] [Info] Connected to Azure\Graph
[2025-02-21 13:18:10] [Info]                               User ID resolved: fb40e507-1fca-44c4-b825-23de6244e10f
[2025-02-21 13:18:10] [Info]                               Starting Entra PIM Global Admin Request Script...
[2025-02-21 13:18:49] [Error]                               Failed to submit PIM request: There is already an existing pending Role assignment request.

Status: 400 (BadRequest)
ErrorCode: PendingRoleAssignmentRequest
Date: 2025-02-21T21:18:49

Headers:
Vary                          : Accept-Encoding
Strict-Transport-Security     : max-age=31536000
request-id                    : 0683691f-3b03-498d-827b-90adbf184c1e
client-request-id             : 1f7e7c66-dd8e-415f-aef0-12e78c28ed09
x-ms-ags-diagnostic           : {"ServerInfo":{"DataCenter":"West US","Slice":"E","Ring":"4","ScaleUnit":"001","RoleInstance":"BY1PEPF00019EAF"}}
Date                          : Fri, 21 Feb 2025 21:18:49 GMT


[2025-02-21 13:33:23] [Info] Setting up Microsoft.Graph module...

[2025-02-21 13:33:26] [Info] Importing Microsoft.Graph submodules...

[2025-02-21 13:33:26] [Info] Importing Microsoft.Graph.Identity.Governance
[2025-02-21 13:33:26] [Info] Microsoft.Graph.Identity.Governance module imported successfully

[2025-02-21 13:33:26] [Info] Importing Microsoft.Graph.Authentication
[2025-02-21 13:33:26] [Info] Microsoft.Graph.Authentication module imported successfully

[2025-02-21 13:33:27] [Info] Importing Microsoft.Graph.Identity.DirectoryManagement 
[2025-02-21 13:33:29] [Info] Microsoft.Graph.Identity.DirectoryManagement  module imported successfully

[2025-02-21 13:33:29] [Info] Module Installation Complete
[2025-02-21 13:33:29] [Info] Script started
[2025-02-21 13:33:50] [Info]                               Using established connection
[2025-02-21 13:33:50] [Info]                               Connected to Azure\Graph
[2025-02-21 13:35:14] [Info] Setting up Microsoft.Graph module...

[2025-02-21 13:35:16] [Info] Importing Microsoft.Graph submodules...

[2025-02-21 13:35:16] [Info] Importing Microsoft.Graph.Identity.Governance
[2025-02-21 13:35:16] [Info] Microsoft.Graph.Identity.Governance module imported successfully

[2025-02-21 13:35:16] [Info] Importing Microsoft.Graph.Authentication
[2025-02-21 13:35:17] [Info] Microsoft.Graph.Authentication module imported successfully

[2025-02-21 13:35:17] [Info] Importing Microsoft.Graph.Identity.DirectoryManagement 
[2025-02-21 13:35:20] [Info] Microsoft.Graph.Identity.DirectoryManagement  module imported successfully

[2025-02-21 13:35:20] [Info] Module Installation Complete
[2025-02-21 13:35:20] [Info] Script started
[2025-02-21 13:35:34] [Info]                               Using established connection
[2025-02-21 13:35:34] [Info]                               Connected to Azure\Graph
[2025-02-21 13:36:35] [Info]                               User ID resolved: fb40e507-1fca-44c4-b825-23de6244e10f
[2025-02-21 13:36:35] [Info]                               Starting Entra PIM Global Admin Request Script...
[2025-02-21 13:42:22] [Error]                               Failed to submit PIM request: There is already an existing pending Role assignment request.

Status: 400 (BadRequest)
ErrorCode: PendingRoleAssignmentRequest
Date: 2025-02-21T21:42:22

Headers:
Vary                          : Accept-Encoding
Strict-Transport-Security     : max-age=31536000
request-id                    : 3453ebd4-2bbf-47f0-91bb-72f3591fe1fa
client-request-id             : d0bf77d1-f296-4e6e-a2de-456fc605a079
x-ms-ags-diagnostic           : {"ServerInfo":{"DataCenter":"West US","Slice":"E","Ring":"4","ScaleUnit":"004","RoleInstance":"BY3PEPF00010589"}}
Date                          : Fri, 21 Feb 2025 21:42:21 GMT


[2025-02-21 13:42:33] [Info] Setting up Microsoft.Graph module...

[2025-02-21 13:42:36] [Info] Importing Microsoft.Graph submodules...

[2025-02-21 13:42:36] [Info] Importing Microsoft.Graph.Identity.Governance
[2025-02-21 13:42:36] [Info] Microsoft.Graph.Identity.Governance module imported successfully

[2025-02-21 13:42:36] [Info] Importing Microsoft.Graph.Authentication
[2025-02-21 13:42:37] [Info] Microsoft.Graph.Authentication module imported successfully

[2025-02-21 13:42:37] [Info] Importing Microsoft.Graph.Identity.DirectoryManagement 
[2025-02-21 13:42:39] [Info] Microsoft.Graph.Identity.DirectoryManagement  module imported successfully

[2025-02-21 13:42:39] [Info] Module Installation Complete
[2025-02-21 13:42:39] [Info] Script started
[2025-02-21 13:42:49] [Warning] Current connection ended. Connecting to Azure\Graph...
[2025-02-21 13:42:53] [Info]                               Connected to Azure\Graph
[2025-02-21 13:46:13] [Info] User ID resolved: fb40e507-1fca-44c4-b825-23de6244e10f
[2025-02-21 13:46:13] [Info] Starting Entra PIM Global Admin Request Script...
[2025-02-21 13:49:42] [Error] Failed to submit PIM request: There is already an existing pending Role assignment request.

Status: 400 (BadRequest)
ErrorCode: PendingRoleAssignmentRequest
Date: 2025-02-21T21:49:42

Headers:
Vary                          : Accept-Encoding
Strict-Transport-Security     : max-age=31536000
request-id                    : 5e74fb3d-18c0-46c6-88e2-41d162b61df5
client-request-id             : ad55adfe-0bd7-4411-b8ee-b60dfa2580bd
x-ms-ags-diagnostic           : {"ServerInfo":{"DataCenter":"West US","Slice":"E","Ring":"4","ScaleUnit":"000","RoleInstance":"BY1PEPF0001B24B"}}
Date                          : Fri, 21 Feb 2025 21:49:42 GMT


[2025-02-21 15:58:17] [Info] Setting up Microsoft.Graph module...

[2025-02-21 15:58:19] [Info] Importing Microsoft.Graph submodules...

[2025-02-21 15:58:19] [Info] Importing Microsoft.Graph.Identity.Governance
[2025-02-21 15:59:00] [Info] Microsoft.Graph.Identity.Governance module imported successfully

[2025-02-21 15:59:00] [Info] Importing Microsoft.Graph.Authentication
[2025-02-21 15:59:00] [Info] Microsoft.Graph.Authentication module imported successfully

[2025-02-21 15:59:00] [Info] Importing Microsoft.Graph.Identity.DirectoryManagement 
[2025-02-21 15:59:19] [Info] Microsoft.Graph.Identity.DirectoryManagement  module imported successfully

[2025-02-21 15:59:19] [Info] Module Installation Complete
[2025-02-21 15:59:19] [Info] Script started
[2025-02-21 16:01:50] [Info] Setting up Microsoft.Graph module...

[2025-02-21 16:01:53] [Info] Importing Microsoft.Graph submodules...

[2025-02-21 16:01:53] [Info] Importing Microsoft.Graph.Identity.Governance
[2025-02-21 16:01:53] [Info] Microsoft.Graph.Identity.Governance module imported successfully

[2025-02-21 16:01:53] [Info] Importing Microsoft.Graph.Authentication
[2025-02-21 16:01:53] [Info] Microsoft.Graph.Authentication module imported successfully

[2025-02-21 16:01:53] [Info] Importing Microsoft.Graph.Identity.DirectoryManagement 
[2025-02-21 16:01:56] [Info] Microsoft.Graph.Identity.DirectoryManagement  module imported successfully

[2025-02-21 16:01:56] [Info] Module Installation Complete
[2025-02-21 16:01:56] [Info] Script started
[2025-02-21 16:04:22] [Info] Setting up Microsoft.Graph module...

[2025-02-21 16:04:24] [Info] Importing Microsoft.Graph submodules...

[2025-02-21 16:04:24] [Info] Importing Microsoft.Graph.Identity.Governance
[2025-02-21 16:04:24] [Info] Microsoft.Graph.Identity.Governance module imported successfully

[2025-02-21 16:04:24] [Info] Importing Microsoft.Graph.Authentication
[2025-02-21 16:04:25] [Info] Microsoft.Graph.Authentication module imported successfully

[2025-02-21 16:04:25] [Info] Importing Microsoft.Graph.Identity.DirectoryManagement 
[2025-02-21 16:04:27] [Info] Microsoft.Graph.Identity.DirectoryManagement  module imported successfully

[2025-02-21 16:04:27] [Info] Module Installation Complete
[2025-02-21 16:04:27] [Info] Script started
[2025-02-21 16:06:44] [Warning] Connecting to Azure\Graph...
[2025-02-21 16:06:47] [Info] Connected to Azure\Graph
[2025-02-21 16:12:33] [Info] Setting up Microsoft.Graph module...

[2025-02-21 16:12:35] [Info] Importing Microsoft.Graph submodules...

[2025-02-21 16:12:35] [Info] Importing Microsoft.Graph.Identity.Governance
[2025-02-21 16:12:36] [Info] Microsoft.Graph.Identity.Governance module imported successfully

[2025-02-21 16:12:36] [Info] Importing Microsoft.Graph.Authentication
[2025-02-21 16:12:36] [Info] Microsoft.Graph.Authentication module imported successfully

[2025-02-21 16:12:36] [Info] Importing Microsoft.Graph.Identity.DirectoryManagement 
[2025-02-21 16:12:39] [Info] Microsoft.Graph.Identity.DirectoryManagement  module imported successfully

[2025-02-21 16:12:39] [Info] Module Installation Complete
[2025-02-21 16:12:39] [Info] Script started
[2025-02-21 16:12:54] [Warning] Current connection ended. Connecting to Azure\Graph...
[2025-02-21 16:12:58] [Info] Connected to Azure\Graph
[2025-02-21 16:14:38] [Info] Setting up Microsoft.Graph module...

[2025-02-21 16:14:40] [Info] Importing Microsoft.Graph submodules...

[2025-02-21 16:14:40] [Info] Importing Microsoft.Graph.Identity.Governance
[2025-02-21 16:14:41] [Info] Microsoft.Graph.Identity.Governance module imported successfully

[2025-02-21 16:14:41] [Info] Importing Microsoft.Graph.Authentication
[2025-02-21 16:14:41] [Info] Microsoft.Graph.Authentication module imported successfully

[2025-02-21 16:14:41] [Info] Importing Microsoft.Graph.Identity.DirectoryManagement 
[2025-02-21 16:14:44] [Info] Microsoft.Graph.Identity.DirectoryManagement  module imported successfully

[2025-02-21 16:14:44] [Info] Module Installation Complete
[2025-02-21 16:14:44] [Info] Script started
[2025-02-21 16:14:53] [Warning] Current connection ended. Connecting to Azure\Graph...
[2025-02-21 16:15:08] [Info] Connected to Azure\Graph
[2025-02-21 16:17:39] [Info] Setting up Microsoft.Graph module...

[2025-02-21 16:17:41] [Info] Importing Microsoft.Graph submodules...

[2025-02-21 16:17:41] [Info] Importing Microsoft.Graph.Identity.Governance
[2025-02-21 16:17:42] [Info] Microsoft.Graph.Identity.Governance module imported successfully

[2025-02-21 16:17:42] [Info] Importing Microsoft.Graph.Authentication
[2025-02-21 16:17:42] [Info] Microsoft.Graph.Authentication module imported successfully

[2025-02-21 16:17:42] [Info] Importing Microsoft.Graph.Identity.DirectoryManagement 
[2025-02-21 16:17:45] [Info] Microsoft.Graph.Identity.DirectoryManagement  module imported successfully

[2025-02-21 16:17:45] [Info] Module Installation Complete
[2025-02-21 16:17:45] [Info] Script started
[2025-02-21 16:17:52] [Info] Using established connection
[2025-02-21 16:17:52] [Info] Connected to Azure\Graph
[2025-02-21 16:21:42] [Info] Setting up Microsoft.Graph module...

[2025-02-21 16:21:44] [Info] Importing Microsoft.Graph submodules...

[2025-02-21 16:21:44] [Info] Importing Microsoft.Graph.Identity.Governance
[2025-02-21 16:21:45] [Info] Microsoft.Graph.Identity.Governance module imported successfully

[2025-02-21 16:21:45] [Info] Importing Microsoft.Graph.Authentication
[2025-02-21 16:21:45] [Info] Microsoft.Graph.Authentication module imported successfully

[2025-02-21 16:21:45] [Info] Importing Microsoft.Graph.Identity.DirectoryManagement 
[2025-02-21 16:21:48] [Info] Microsoft.Graph.Identity.DirectoryManagement  module imported successfully

[2025-02-21 16:21:48] [Info] Module Installation Complete
[2025-02-21 16:21:48] [Info] Script started
[2025-02-21 16:21:59] [Warning] Current connection ended. Connecting to Azure\Graph...
[2025-02-21 16:23:59] [Error] Unable to connect to Azure
